[INFO] 2015-11-20 10:58:13 <Loaded default TestExecutionListener class names from location [META-INF/spring.factories]: [org.springframework.test.context.web.ServletTestExecutionListener, org.springframework.test.context.support.DependencyInjectionTestExecutionListener, org.springframework.test.context.support.DirtiesContextTestExecutionListener, org.springframework.test.context.transaction.TransactionalTestExecutionListener, org.springframework.test.context.jdbc.SqlScriptsTestExecutionListener]> [AbstractTestContextBootstrapper.java256]
 [INFO] 2015-11-20 10:58:14 <Using TestExecutionListeners: [org.springframework.test.context.web.ServletTestExecutionListener@7720ff6f, org.springframework.test.context.support.DependencyInjectionTestExecutionListener@17620d83, org.springframework.test.context.support.DirtiesContextTestExecutionListener@26651f73, org.springframework.test.context.transaction.TransactionalTestExecutionListener@38f3cab6, org.springframework.test.context.jdbc.SqlScriptsTestExecutionListener@d818ff0]> [AbstractTestContextBootstrapper.java182]
 [INFO] 2015-11-20 10:58:14 <Loading XML bean definitions from class path resource [spring.xml]> [XmlBeanDefinitionReader.java317]
 [INFO] 2015-11-20 10:58:14 <Loading XML bean definitions from class path resource [spring-mybatis.xml]> [XmlBeanDefinitionReader.java317]
 [INFO] 2015-11-20 10:58:14 <Refreshing org.springframework.context.support.GenericApplicationContext@39a72981: startup date [Fri Nov 20 10:58:14 CST 2015]; root of context hierarchy> [AbstractApplicationContext.java510]
 [INFO] 2015-11-20 10:58:14 <Loading properties file from class path resource [config.properties]> [PropertiesLoaderSupport.java172]
 [INFO] 2015-11-20 10:58:15 <Closing org.springframework.context.support.GenericApplicationContext@39a72981: startup date [Fri Nov 20 10:58:14 CST 2015]; root of context hierarchy> [AbstractApplicationContext.java862]
 [INFO] 2015-11-20 10:59:28 <Loaded default TestExecutionListener class names from location [META-INF/spring.factories]: [org.springframework.test.context.web.ServletTestExecutionListener, org.springframework.test.context.support.DependencyInjectionTestExecutionListener, org.springframework.test.context.support.DirtiesContextTestExecutionListener, org.springframework.test.context.transaction.TransactionalTestExecutionListener, org.springframework.test.context.jdbc.SqlScriptsTestExecutionListener]> [AbstractTestContextBootstrapper.java256]
 [INFO] 2015-11-20 10:59:28 <Using TestExecutionListeners: [org.springframework.test.context.web.ServletTestExecutionListener@7720ff6f, org.springframework.test.context.support.DependencyInjectionTestExecutionListener@17620d83, org.springframework.test.context.support.DirtiesContextTestExecutionListener@26651f73, org.springframework.test.context.transaction.TransactionalTestExecutionListener@38f3cab6, org.springframework.test.context.jdbc.SqlScriptsTestExecutionListener@d818ff0]> [AbstractTestContextBootstrapper.java182]
 [INFO] 2015-11-20 10:59:28 <Loading XML bean definitions from class path resource [spring.xml]> [XmlBeanDefinitionReader.java317]
 [INFO] 2015-11-20 10:59:28 <Loading XML bean definitions from class path resource [spring-mybatis.xml]> [XmlBeanDefinitionReader.java317]
 [INFO] 2015-11-20 10:59:28 <Refreshing org.springframework.context.support.GenericApplicationContext@39a72981: startup date [Fri Nov 20 10:59:28 CST 2015]; root of context hierarchy> [AbstractApplicationContext.java510]
 [INFO] 2015-11-20 10:59:28 <Loading properties file from class path resource [config.properties]> [PropertiesLoaderSupport.java172]
 [INFO] 2015-11-20 10:59:58 <Closing org.springframework.context.support.GenericApplicationContext@39a72981: startup date [Fri Nov 20 10:59:28 CST 2015]; root of context hierarchy> [AbstractApplicationContext.java862]
 [INFO] 2015-11-20 11:01:16 <Loaded default TestExecutionListener class names from location [META-INF/spring.factories]: [org.springframework.test.context.web.ServletTestExecutionListener, org.springframework.test.context.support.DependencyInjectionTestExecutionListener, org.springframework.test.context.support.DirtiesContextTestExecutionListener, org.springframework.test.context.transaction.TransactionalTestExecutionListener, org.springframework.test.context.jdbc.SqlScriptsTestExecutionListener]> [AbstractTestContextBootstrapper.java256]
 [INFO] 2015-11-20 11:01:16 <Using TestExecutionListeners: [org.springframework.test.context.web.ServletTestExecutionListener@26651f73, org.springframework.test.context.support.DependencyInjectionTestExecutionListener@38f3cab6, org.springframework.test.context.support.DirtiesContextTestExecutionListener@d818ff0, org.springframework.test.context.transaction.TransactionalTestExecutionListener@3510dc7d, org.springframework.test.context.jdbc.SqlScriptsTestExecutionListener@65fbadc2]> [AbstractTestContextBootstrapper.java182]
 [INFO] 2015-11-20 11:01:16 <Loading XML bean definitions from class path resource [spring.xml]> [XmlBeanDefinitionReader.java317]
 [INFO] 2015-11-20 11:01:17 <Loading XML bean definitions from class path resource [spring-mybatis.xml]> [XmlBeanDefinitionReader.java317]
 [INFO] 2015-11-20 11:01:17 <Refreshing org.springframework.context.support.GenericApplicationContext@6f30afa6: startup date [Fri Nov 20 11:01:17 CST 2015]; root of context hierarchy> [AbstractApplicationContext.java510]
 [INFO] 2015-11-20 11:01:17 <Loading properties file from class path resource [config.properties]> [PropertiesLoaderSupport.java172]
 [INFO] 2015-11-20 11:01:30 <Closing org.springframework.context.support.GenericApplicationContext@6f30afa6: startup date [Fri Nov 20 11:01:17 CST 2015]; root of context hierarchy> [AbstractApplicationContext.java862]
 [INFO] 2015-11-20 11:04:32 <Loaded default TestExecutionListener class names from location [META-INF/spring.factories]: [org.springframework.test.context.web.ServletTestExecutionListener, org.springframework.test.context.support.DependencyInjectionTestExecutionListener, org.springframework.test.context.support.DirtiesContextTestExecutionListener, org.springframework.test.context.transaction.TransactionalTestExecutionListener, org.springframework.test.context.jdbc.SqlScriptsTestExecutionListener]> [AbstractTestContextBootstrapper.java256]
 [INFO] 2015-11-20 11:04:32 <Using TestExecutionListeners: [org.springframework.test.context.web.ServletTestExecutionListener@7720ff6f, org.springframework.test.context.support.DependencyInjectionTestExecutionListener@17620d83, org.springframework.test.context.support.DirtiesContextTestExecutionListener@26651f73, org.springframework.test.context.transaction.TransactionalTestExecutionListener@38f3cab6, org.springframework.test.context.jdbc.SqlScriptsTestExecutionListener@d818ff0]> [AbstractTestContextBootstrapper.java182]
 [INFO] 2015-11-20 11:04:32 <Loading XML bean definitions from class path resource [spring.xml]> [XmlBeanDefinitionReader.java317]
 [INFO] 2015-11-20 11:04:32 <Loading XML bean definitions from class path resource [spring-mybatis.xml]> [XmlBeanDefinitionReader.java317]
 [INFO] 2015-11-20 11:04:32 <Refreshing org.springframework.context.support.GenericApplicationContext@39a72981: startup date [Fri Nov 20 11:04:32 CST 2015]; root of context hierarchy> [AbstractApplicationContext.java510]
 [INFO] 2015-11-20 11:04:33 <Loading properties file from class path resource [config.properties]> [PropertiesLoaderSupport.java172]
 [INFO] 2015-11-20 11:04:49 <Closing org.springframework.context.support.GenericApplicationContext@39a72981: startup date [Fri Nov 20 11:04:32 CST 2015]; root of context hierarchy> [AbstractApplicationContext.java862]
 [INFO] 2015-11-20 11:05:32 <Loaded default TestExecutionListener class names from location [META-INF/spring.factories]: [org.springframework.test.context.web.ServletTestExecutionListener, org.springframework.test.context.support.DependencyInjectionTestExecutionListener, org.springframework.test.context.support.DirtiesContextTestExecutionListener, org.springframework.test.context.transaction.TransactionalTestExecutionListener, org.springframework.test.context.jdbc.SqlScriptsTestExecutionListener]> [AbstractTestContextBootstrapper.java256]
 [INFO] 2015-11-20 11:05:32 <Using TestExecutionListeners: [org.springframework.test.context.web.ServletTestExecutionListener@7b4712c3, org.springframework.test.context.support.DependencyInjectionTestExecutionListener@7720ff6f, org.springframework.test.context.support.DirtiesContextTestExecutionListener@17620d83, org.springframework.test.context.transaction.TransactionalTestExecutionListener@26651f73, org.springframework.test.context.jdbc.SqlScriptsTestExecutionListener@38f3cab6]> [AbstractTestContextBootstrapper.java182]
 [INFO] 2015-11-20 11:05:32 <Loading XML bean definitions from class path resource [spring.xml]> [XmlBeanDefinitionReader.java317]
 [INFO] 2015-11-20 11:05:33 <Loading XML bean definitions from class path resource [spring-mybatis.xml]> [XmlBeanDefinitionReader.java317]
 [INFO] 2015-11-20 11:05:33 <Refreshing org.springframework.context.support.GenericApplicationContext@13b0c258: startup date [Fri Nov 20 11:05:33 CST 2015]; root of context hierarchy> [AbstractApplicationContext.java510]
 [INFO] 2015-11-20 11:05:33 <Loading properties file from class path resource [config.properties]> [PropertiesLoaderSupport.java172]
 [INFO] 2015-11-20 11:05:49 <Closing org.springframework.context.support.GenericApplicationContext@13b0c258: startup date [Fri Nov 20 11:05:33 CST 2015]; root of context hierarchy> [AbstractApplicationContext.java862]
 [INFO] 2015-11-20 11:06:25 <Loaded default TestExecutionListener class names from location [META-INF/spring.factories]: [org.springframework.test.context.web.ServletTestExecutionListener, org.springframework.test.context.support.DependencyInjectionTestExecutionListener, org.springframework.test.context.support.DirtiesContextTestExecutionListener, org.springframework.test.context.transaction.TransactionalTestExecutionListener, org.springframework.test.context.jdbc.SqlScriptsTestExecutionListener]> [AbstractTestContextBootstrapper.java256]
 [INFO] 2015-11-20 11:06:25 <Using TestExecutionListeners: [org.springframework.test.context.web.ServletTestExecutionListener@17620d83, org.springframework.test.context.support.DependencyInjectionTestExecutionListener@26651f73, org.springframework.test.context.support.DirtiesContextTestExecutionListener@38f3cab6, org.springframework.test.context.transaction.TransactionalTestExecutionListener@d818ff0, org.springframework.test.context.jdbc.SqlScriptsTestExecutionListener@3510dc7d]> [AbstractTestContextBootstrapper.java182]
 [INFO] 2015-11-20 11:06:26 <Loading XML bean definitions from class path resource [spring.xml]> [XmlBeanDefinitionReader.java317]
 [INFO] 2015-11-20 11:06:26 <Loading XML bean definitions from class path resource [spring-mybatis.xml]> [XmlBeanDefinitionReader.java317]
 [INFO] 2015-11-20 11:06:26 <Refreshing org.springframework.context.support.GenericApplicationContext@d95f1b9: startup date [Fri Nov 20 11:06:26 CST 2015]; root of context hierarchy> [AbstractApplicationContext.java510]
 [INFO] 2015-11-20 11:06:26 <Loading properties file from class path resource [config.properties]> [PropertiesLoaderSupport.java172]
 [INFO] 2015-11-20 11:06:45 <Closing org.springframework.context.support.GenericApplicationContext@d95f1b9: startup date [Fri Nov 20 11:06:26 CST 2015]; root of context hierarchy> [AbstractApplicationContext.java862]
 [INFO] 2015-11-20 11:07:44 <Loaded default TestExecutionListener class names from location [META-INF/spring.factories]: [org.springframework.test.context.web.ServletTestExecutionListener, org.springframework.test.context.support.DependencyInjectionTestExecutionListener, org.springframework.test.context.support.DirtiesContextTestExecutionListener, org.springframework.test.context.transaction.TransactionalTestExecutionListener, org.springframework.test.context.jdbc.SqlScriptsTestExecutionListener]> [AbstractTestContextBootstrapper.java256]
 [INFO] 2015-11-20 11:07:44 <Using TestExecutionListeners: [org.springframework.test.context.web.ServletTestExecutionListener@7720ff6f, org.springframework.test.context.support.DependencyInjectionTestExecutionListener@17620d83, org.springframework.test.context.support.DirtiesContextTestExecutionListener@26651f73, org.springframework.test.context.transaction.TransactionalTestExecutionListener@38f3cab6, org.springframework.test.context.jdbc.SqlScriptsTestExecutionListener@d818ff0]> [AbstractTestContextBootstrapper.java182]
 [INFO] 2015-11-20 11:07:44 <Loading XML bean definitions from class path resource [spring.xml]> [XmlBeanDefinitionReader.java317]
 [INFO] 2015-11-20 11:07:44 <Loading XML bean definitions from class path resource [spring-mybatis.xml]> [XmlBeanDefinitionReader.java317]
 [INFO] 2015-11-20 11:07:45 <Refreshing org.springframework.context.support.GenericApplicationContext@39a72981: startup date [Fri Nov 20 11:07:45 CST 2015]; root of context hierarchy> [AbstractApplicationContext.java510]
 [INFO] 2015-11-20 11:07:45 <Loading properties file from class path resource [config.properties]> [PropertiesLoaderSupport.java172]
 [INFO] 2015-11-20 11:08:37 <Closing org.springframework.context.support.GenericApplicationContext@39a72981: startup date [Fri Nov 20 11:07:45 CST 2015]; root of context hierarchy> [AbstractApplicationContext.java862]
 [INFO] 2015-11-20 11:09:18 <Loaded default TestExecutionListener class names from location [META-INF/spring.factories]: [org.springframework.test.context.web.ServletTestExecutionListener, org.springframework.test.context.support.DependencyInjectionTestExecutionListener, org.springframework.test.context.support.DirtiesContextTestExecutionListener, org.springframework.test.context.transaction.TransactionalTestExecutionListener, org.springframework.test.context.jdbc.SqlScriptsTestExecutionListener]> [AbstractTestContextBootstrapper.java256]
 [INFO] 2015-11-20 11:09:18 <Using TestExecutionListeners: [org.springframework.test.context.web.ServletTestExecutionListener@2c8d23f9, org.springframework.test.context.support.DependencyInjectionTestExecutionListener@6634c748, org.springframework.test.context.support.DirtiesContextTestExecutionListener@13077c64, org.springframework.test.context.transaction.TransactionalTestExecutionListener@507792fe, org.springframework.test.context.jdbc.SqlScriptsTestExecutionListener@5a538af7]> [AbstractTestContextBootstrapper.java182]
 [INFO] 2015-11-20 11:09:18 <Loading XML bean definitions from class path resource [spring.xml]> [XmlBeanDefinitionReader.java317]
 [INFO] 2015-11-20 11:09:18 <Loading XML bean definitions from class path resource [spring-mybatis.xml]> [XmlBeanDefinitionReader.java317]
 [INFO] 2015-11-20 11:09:18 <Refreshing org.springframework.context.support.GenericApplicationContext@186b480a: startup date [Fri Nov 20 11:09:18 CST 2015]; root of context hierarchy> [AbstractApplicationContext.java510]
 [INFO] 2015-11-20 11:09:18 <Loading properties file from class path resource [config.properties]> [PropertiesLoaderSupport.java172]
 [INFO] 2015-11-20 11:09:19 <Closing org.springframework.context.support.GenericApplicationContext@186b480a: startup date [Fri Nov 20 11:09:18 CST 2015]; root of context hierarchy> [AbstractApplicationContext.java862]
 [INFO] 2015-11-20 11:10:00 <Loaded default TestExecutionListener class names from location [META-INF/spring.factories]: [org.springframework.test.context.web.ServletTestExecutionListener, org.springframework.test.context.support.DependencyInjectionTestExecutionListener, org.springframework.test.context.support.DirtiesContextTestExecutionListener, org.springframework.test.context.transaction.TransactionalTestExecutionListener, org.springframework.test.context.jdbc.SqlScriptsTestExecutionListener]> [AbstractTestContextBootstrapper.java256]
 [INFO] 2015-11-20 11:10:00 <Using TestExecutionListeners: [org.springframework.test.context.web.ServletTestExecutionListener@7b4712c3, org.springframework.test.context.support.DependencyInjectionTestExecutionListener@7720ff6f, org.springframework.test.context.support.DirtiesContextTestExecutionListener@17620d83, org.springframework.test.context.transaction.TransactionalTestExecutionListener@26651f73, org.springframework.test.context.jdbc.SqlScriptsTestExecutionListener@38f3cab6]> [AbstractTestContextBootstrapper.java182]
 [INFO] 2015-11-20 11:10:01 <Loading XML bean definitions from class path resource [spring.xml]> [XmlBeanDefinitionReader.java317]
 [INFO] 2015-11-20 11:10:01 <Loading XML bean definitions from class path resource [spring-mybatis.xml]> [XmlBeanDefinitionReader.java317]
 [INFO] 2015-11-20 11:10:01 <Refreshing org.springframework.context.support.GenericApplicationContext@13b0c258: startup date [Fri Nov 20 11:10:01 CST 2015]; root of context hierarchy> [AbstractApplicationContext.java510]
 [INFO] 2015-11-20 11:10:01 <Loading properties file from class path resource [config.properties]> [PropertiesLoaderSupport.java172]
 [INFO] 2015-11-20 11:12:00 <Closing org.springframework.context.support.GenericApplicationContext@13b0c258: startup date [Fri Nov 20 11:10:01 CST 2015]; root of context hierarchy> [AbstractApplicationContext.java862]
 [INFO] 2015-11-20 11:12:52 <Loaded default TestExecutionListener class names from location [META-INF/spring.factories]: [org.springframework.test.context.web.ServletTestExecutionListener, org.springframework.test.context.support.DependencyInjectionTestExecutionListener, org.springframework.test.context.support.DirtiesContextTestExecutionListener, org.springframework.test.context.transaction.TransactionalTestExecutionListener, org.springframework.test.context.jdbc.SqlScriptsTestExecutionListener]> [AbstractTestContextBootstrapper.java256]
 [INFO] 2015-11-20 11:12:52 <Using TestExecutionListeners: [org.springframework.test.context.web.ServletTestExecutionListener@17620d83, org.springframework.test.context.support.DependencyInjectionTestExecutionListener@26651f73, org.springframework.test.context.support.DirtiesContextTestExecutionListener@38f3cab6, org.springframework.test.context.transaction.TransactionalTestExecutionListener@d818ff0, org.springframework.test.context.jdbc.SqlScriptsTestExecutionListener@3510dc7d]> [AbstractTestContextBootstrapper.java182]
 [INFO] 2015-11-20 11:12:52 <Loading XML bean definitions from class path resource [spring.xml]> [XmlBeanDefinitionReader.java317]
 [INFO] 2015-11-20 11:12:52 <Loading XML bean definitions from class path resource [spring-mybatis.xml]> [XmlBeanDefinitionReader.java317]
 [INFO] 2015-11-20 11:12:52 <Refreshing org.springframework.context.support.GenericApplicationContext@d95f1b9: startup date [Fri Nov 20 11:12:52 CST 2015]; root of context hierarchy> [AbstractApplicationContext.java510]
 [INFO] 2015-11-20 11:12:52 <Loading properties file from class path resource [config.properties]> [PropertiesLoaderSupport.java172]
 [INFO] 2015-11-20 11:12:53 <Closing org.springframework.context.support.GenericApplicationContext@d95f1b9: startup date [Fri Nov 20 11:12:52 CST 2015]; root of context hierarchy> [AbstractApplicationContext.java862]
 [INFO] 2015-11-20 11:15:44 <Loaded default TestExecutionListener class names from location [META-INF/spring.factories]: [org.springframework.test.context.web.ServletTestExecutionListener, org.springframework.test.context.support.DependencyInjectionTestExecutionListener, org.springframework.test.context.support.DirtiesContextTestExecutionListener, org.springframework.test.context.transaction.TransactionalTestExecutionListener, org.springframework.test.context.jdbc.SqlScriptsTestExecutionListener]> [AbstractTestContextBootstrapper.java256]
 [INFO] 2015-11-20 11:15:44 <Using TestExecutionListeners: [org.springframework.test.context.web.ServletTestExecutionListener@4a1c1b57, org.springframework.test.context.support.DependencyInjectionTestExecutionListener@7b4712c3, org.springframework.test.context.support.DirtiesContextTestExecutionListener@7720ff6f, org.springframework.test.context.transaction.TransactionalTestExecutionListener@17620d83, org.springframework.test.context.jdbc.SqlScriptsTestExecutionListener@26651f73]> [AbstractTestContextBootstrapper.java182]
 [INFO] 2015-11-20 11:15:44 <Loading XML bean definitions from class path resource [spring.xml]> [XmlBeanDefinitionReader.java317]
 [INFO] 2015-11-20 11:15:44 <Loading XML bean definitions from class path resource [spring-mybatis.xml]> [XmlBeanDefinitionReader.java317]
 [INFO] 2015-11-20 11:15:44 <Refreshing org.springframework.context.support.GenericApplicationContext@32921158: startup date [Fri Nov 20 11:15:44 CST 2015]; root of context hierarchy> [AbstractApplicationContext.java510]
 [INFO] 2015-11-20 11:15:44 <Loading properties file from class path resource [config.properties]> [PropertiesLoaderSupport.java172]
 [INFO] 2015-11-20 11:16:50 <Closing org.springframework.context.support.GenericApplicationContext@32921158: startup date [Fri Nov 20 11:15:44 CST 2015]; root of context hierarchy> [AbstractApplicationContext.java862]
 [INFO] 2015-11-20 11:16:57 <Loaded default TestExecutionListener class names from location [META-INF/spring.factories]: [org.springframework.test.context.web.ServletTestExecutionListener, org.springframework.test.context.support.DependencyInjectionTestExecutionListener, org.springframework.test.context.support.DirtiesContextTestExecutionListener, org.springframework.test.context.transaction.TransactionalTestExecutionListener, org.springframework.test.context.jdbc.SqlScriptsTestExecutionListener]> [AbstractTestContextBootstrapper.java256]
 [INFO] 2015-11-20 11:16:57 <Using TestExecutionListeners: [org.springframework.test.context.web.ServletTestExecutionListener@4a1c1b57, org.springframework.test.context.support.DependencyInjectionTestExecutionListener@7b4712c3, org.springframework.test.context.support.DirtiesContextTestExecutionListener@7720ff6f, org.springframework.test.context.transaction.TransactionalTestExecutionListener@17620d83, org.springframework.test.context.jdbc.SqlScriptsTestExecutionListener@26651f73]> [AbstractTestContextBootstrapper.java182]
 [INFO] 2015-11-20 11:16:58 <Loading XML bean definitions from class path resource [spring.xml]> [XmlBeanDefinitionReader.java317]
 [INFO] 2015-11-20 11:16:58 <Loading XML bean definitions from class path resource [spring-mybatis.xml]> [XmlBeanDefinitionReader.java317]
 [INFO] 2015-11-20 11:16:58 <Refreshing org.springframework.context.support.GenericApplicationContext@32921158: startup date [Fri Nov 20 11:16:58 CST 2015]; root of context hierarchy> [AbstractApplicationContext.java510]
 [INFO] 2015-11-20 11:16:58 <Loading properties file from class path resource [config.properties]> [PropertiesLoaderSupport.java172]
 [INFO] 2015-11-20 11:17:37 <Closing org.springframework.context.support.GenericApplicationContext@32921158: startup date [Fri Nov 20 11:16:58 CST 2015]; root of context hierarchy> [AbstractApplicationContext.java862]
 